

alexjeeuh joined DisGhost Support & Hangout
[2024-07-27 23:14:41] 
        â•‘========================â•‘=========================â•‘
        â•‘ Guild                  â•‘ Member                  â•‘
        â•‘ DisGhost Support & Hangout::::::::::::::â•‘ lumina.ri:::::::::::::::::â•‘        
        â•‘========================â•‘=========================â•‘
        â•‘ Guild ID               â•‘ Member ID               â•‘
        â•‘ 534450100890763302:::::â•‘ 540142383270985738::::::â•‘
        â•‘========================â•‘=========================â•‘
        =======================================================
        Traceback 
        NoneType: None

        =======================================================
        


apxangejl joined Îãðîìíàÿ êàëîâàÿ ìàññà
[2024-07-28 14:45:30] 
        â•‘========================â•‘=========================â•‘
        â•‘ Guild                  â•‘ Member                  â•‘
        â•‘ DisGhost Support & Hangout::::::::::::::â•‘ lumina.ri:::::::::::::::::â•‘        
        â•‘========================â•‘=========================â•‘
        â•‘ Guild ID               â•‘ Member ID               â•‘
        â•‘ 534450100890763302:::::â•‘ 540142383270985738::::::â•‘
        â•‘========================â•‘=========================â•‘
        =======================================================
        Traceback 
        NoneType: None

        =======================================================
        
[2024-07-28 14:45:53] 
        â•‘========================â•‘=========================â•‘
        â•‘ Guild                  â•‘ Member                  â•‘
        â•‘ DisGhost Support & Hangout::::::::::::::â•‘ lumina.ri:::::::::::::::::â•‘        
        â•‘========================â•‘=========================â•‘
        â•‘ Guild ID               â•‘ Member ID               â•‘
        â•‘ 534450100890763302:::::â•‘ 540142383270985738::::::â•‘
        â•‘========================â•‘=========================â•‘
        =======================================================
        Traceback 
        NoneType: None

        =======================================================
        
[2024-07-28 14:59:42] 
        â•‘========================â•‘=========================â•‘
        â•‘ Guild                  â•‘ Member                  â•‘
        â•‘ DisGhost Support & Hangout::::::::::::::â•‘ lumina.ri:::::::::::::::::â•‘        
        â•‘========================â•‘=========================â•‘
        â•‘ Guild ID               â•‘ Member ID               â•‘
        â•‘ 534450100890763302:::::â•‘ 540142383270985738::::::â•‘
        â•‘========================â•‘=========================â•‘
        =======================================================
        Traceback 
        NoneType: None

        =======================================================
        
[2024-07-28 15:01:10] 
        â•‘========================â•‘=========================â•‘
        â•‘ Guild                  â•‘ Member                  â•‘
        â•‘ DisGhost Support & Hangout::::::::::::::â•‘ lumina.ri:::::::::::::::::â•‘        
        â•‘========================â•‘=========================â•‘
        â•‘ Guild ID               â•‘ Member ID               â•‘
        â•‘ 534450100890763302:::::â•‘ 540142383270985738::::::â•‘
        â•‘========================â•‘=========================â•‘
        =======================================================
        Traceback 
        NoneType: None

        =======================================================
        
[2024-07-28 15:07:31] 
        â•‘========================â•‘=========================â•‘
        â•‘ Guild                  â•‘ Member                  â•‘
        â•‘ DisGhost Support & Hangout::::::::::::::â•‘ lumina.ri:::::::::::::::::â•‘        
        â•‘========================â•‘=========================â•‘
        â•‘ Guild ID               â•‘ Member ID               â•‘
        â•‘ 534450100890763302:::::â•‘ 540142383270985738::::::â•‘
        â•‘========================â•‘=========================â•‘
        =======================================================
        Traceback 
        NoneType: None

        =======================================================
        
[2024-07-28 15:36:51] 
        â•‘========================â•‘=========================â•‘
        â•‘ Guild                  â•‘ Member                  â•‘
        â•‘ DisGhost Support & Hangout::::::::::::::â•‘ lumina.ri:::::::::::::::::â•‘        
        â•‘========================â•‘=========================â•‘
        â•‘ Guild ID               â•‘ Member ID               â•‘
        â•‘ 534450100890763302:::::â•‘ 540142383270985738::::::â•‘
        â•‘========================â•‘=========================â•‘
        =======================================================
        Traceback 
        ['Traceback (most recent call last):\n', '  File "C:\\Users\\andrej\\AppData\\Roaming\\Python\\Python312\\site-packages\\disnake\\ext\\commands\\interaction_bot_base.py", line 1378, in process_application_commands\n    await app_command.invoke(interaction)\n', '  File "C:\\Users\\andrej\\AppData\\Roaming\\Python\\Python312\\site-packages\\disnake\\ext\\commands\\slash_core.py", line 717, in invoke\n    await self.prepare(inter)\n', '  File "C:\\Users\\andrej\\AppData\\Roaming\\Python\\Python312\\site-packages\\disnake\\ext\\commands\\base_core.py", line 314, in prepare\n    if not await self.can_run(inter):\n           ^^^^^^^^^^^^^^^^^^^^^^^^^\n', '  File "C:\\Users\\andrej\\AppData\\Roaming\\Python\\Python312\\site-packages\\disnake\\ext\\commands\\base_core.py", line 623, in can_run\n    return await async_all(predicate(inter) for predicate in predicates)  # type: ignore\n           ^^^^^^^^^^^^^^^^^^^^^^^^^^^^^^^^^^^^^^^^^^^^^^^^^^^^^^^^^^^^^\n', '  File "C:\\Users\\andrej\\AppData\\Roaming\\Python\\Python312\\site-packages\\disnake\\utils.py", line 573, in async_all\n    for elem in gen:\n', '  File "C:\\Users\\andrej\\AppData\\Roaming\\Python\\Python312\\site-packages\\disnake\\ext\\commands\\base_core.py", line 623, in <genexpr>\n    return await async_all(predicate(inter) for predicate in predicates)  # type: ignore\n                           ^^^^^^^^^^^^^^^^\n', '  File "C:\\Users\\andrej\\AppData\\Roaming\\Python\\Python312\\site-packages\\disnake\\ext\\commands\\core.py", line 2499, in pred\n    raise NSFWChannelRequired(ch)  # type: ignore\n    ^^^^^^^^^^^^^^^^^^^^^^^^^^^^^\n', "disnake.ext.commands.errors.NSFWChannelRequired: Channel 'â”Šãƒ»bot-commands' needs to be NSFW for this command to work.\n"]        
        =======================================================
        
[2024-07-28 15:37:59] 
        â•‘========================â•‘=========================â•‘
        â•‘ Guild                  â•‘ Member                  â•‘
        â•‘ DisGhost Support & Hangout::::::::::::::â•‘ lumina.ri:::::::::::::::::â•‘        
        â•‘========================â•‘=========================â•‘
        â•‘ Guild ID               â•‘ Member ID               â•‘
        â•‘ 534450100890763302:::::â•‘ 540142383270985738::::::â•‘
        â•‘========================â•‘=========================â•‘
        =======================================================
        Traceback 
        ['Traceback (most recent call last):\n', '  File "C:\\Users\\andrej\\AppData\\Roaming\\Python\\Python312\\site-packages\\disnake\\ext\\commands\\interaction_bot_base.py", line 1378, in process_application_commands\n    await app_command.invoke(interaction)\n', '  File "C:\\Users\\andrej\\AppData\\Roaming\\Python\\Python312\\site-packages\\disnake\\ext\\commands\\slash_core.py", line 717, in invoke\n    await self.prepare(inter)\n', '  File "C:\\Users\\andrej\\AppData\\Roaming\\Python\\Python312\\site-packages\\disnake\\ext\\commands\\base_core.py", line 314, in prepare\n    if not await self.can_run(inter):\n           ^^^^^^^^^^^^^^^^^^^^^^^^^\n', '  File "C:\\Users\\andrej\\AppData\\Roaming\\Python\\Python312\\site-packages\\disnake\\ext\\commands\\base_core.py", line 623, in can_run\n    return await async_all(predicate(inter) for predicate in predicates)  # type: ignore\n           ^^^^^^^^^^^^^^^^^^^^^^^^^^^^^^^^^^^^^^^^^^^^^^^^^^^^^^^^^^^^^\n', '  File "C:\\Users\\andrej\\AppData\\Roaming\\Python\\Python312\\site-packages\\disnake\\utils.py", line 573, in async_all\n    for elem in gen:\n', '  File "C:\\Users\\andrej\\AppData\\Roaming\\Python\\Python312\\site-packages\\disnake\\ext\\commands\\base_core.py", line 623, in <genexpr>\n    return await async_all(predicate(inter) for predicate in predicates)  # type: ignore\n                           ^^^^^^^^^^^^^^^^\n', '  File "C:\\Users\\andrej\\AppData\\Roaming\\Python\\Python312\\site-packages\\disnake\\ext\\commands\\core.py", line 2499, in pred\n    raise NSFWChannelRequired(ch)  # type: ignore\n    ^^^^^^^^^^^^^^^^^^^^^^^^^^^^^\n', "disnake.ext.commands.errors.NSFWChannelRequired: Channel 'â”Šãƒ»bot-commands' needs to be NSFW for this command to work.\n"]        
        =======================================================
        
[2024-07-28 15:53:41] 
        â•‘========================â•‘=========================â•‘
        â•‘ Guild                  â•‘ Member                  â•‘
        â•‘ DisGhost Support & Hangout::::::::::::::â•‘ lumina.ri:::::::::::::::::â•‘        
        â•‘========================â•‘=========================â•‘
        â•‘ Guild ID               â•‘ Member ID               â•‘
        â•‘ 534450100890763302:::::â•‘ 540142383270985738::::::â•‘
        â•‘========================â•‘=========================â•‘
        =======================================================
        Traceback 
        ['Traceback (most recent call last):\n', '  File "C:\\Users\\andrej\\AppData\\Roaming\\Python\\Python312\\site-packages\\disnake\\ext\\commands\\interaction_bot_base.py", line 1378, in process_application_commands\n    await app_command.invoke(interaction)\n', '  File "C:\\Users\\andrej\\AppData\\Roaming\\Python\\Python312\\site-packages\\disnake\\ext\\commands\\slash_core.py", line 717, in invoke\n    await self.prepare(inter)\n', '  File "C:\\Users\\andrej\\AppData\\Roaming\\Python\\Python312\\site-packages\\disnake\\ext\\commands\\base_core.py", line 314, in prepare\n    if not await self.can_run(inter):\n           ^^^^^^^^^^^^^^^^^^^^^^^^^\n', '  File "C:\\Users\\andrej\\AppData\\Roaming\\Python\\Python312\\site-packages\\disnake\\ext\\commands\\base_core.py", line 623, in can_run\n    return await async_all(predicate(inter) for predicate in predicates)  # type: ignore\n           ^^^^^^^^^^^^^^^^^^^^^^^^^^^^^^^^^^^^^^^^^^^^^^^^^^^^^^^^^^^^^\n', '  File "C:\\Users\\andrej\\AppData\\Roaming\\Python\\Python312\\site-packages\\disnake\\utils.py", line 573, in async_all\n    for elem in gen:\n', '  File "C:\\Users\\andrej\\AppData\\Roaming\\Python\\Python312\\site-packages\\disnake\\ext\\commands\\base_core.py", line 623, in <genexpr>\n    return await async_all(predicate(inter) for predicate in predicates)  # type: ignore\n                           ^^^^^^^^^^^^^^^^\n', '  File "C:\\Users\\andrej\\AppData\\Roaming\\Python\\Python312\\site-packages\\disnake\\ext\\commands\\core.py", line 2122, in predicate\n    raise MissingPermissions(missing)\n', 'disnake.ext.commands.errors.MissingPermissions: You are missing Administrator permission(s) to run this command.\n']        
        =======================================================
        
[2024-07-28 16:21:20] 
        â•‘========================â•‘=========================â•‘
        â•‘ Guild                  â•‘ Member                  â•‘
        â•‘ DisGhost Support & Hangout::::::::::::::â•‘ lumina.ri:::::::::::::::::â•‘        
        â•‘========================â•‘=========================â•‘
        â•‘ Guild ID               â•‘ Member ID               â•‘
        â•‘ 534450100890763302:::::â•‘ 540142383270985738::::::â•‘
        â•‘========================â•‘=========================â•‘
        =======================================================
        Traceback 
        ['Traceback (most recent call last):\n', '  File "C:\\Users\\andrej\\AppData\\Roaming\\Python\\Python312\\site-packages\\disnake\\ext\\commands\\slash_core.py", line 728, in invoke\n    await call_param_func(self.callback, inter, self.cog, **kwargs)\n', '  File "C:\\Users\\andrej\\AppData\\Roaming\\Python\\Python312\\site-packages\\disnake\\ext\\commands\\params.py", line 1083, in call_param_func\n    return await maybe_coroutine(safe_call, function, **kwargs)\n           ^^^^^^^^^^^^^^^^^^^^^^^^^^^^^^^^^^^^^^^^^^^^^^^^^^^^\n', '  File "C:\\Users\\andrej\\AppData\\Roaming\\Python\\Python312\\site-packages\\disnake\\utils.py", line 567, in maybe_coroutine\n    return await value\n           ^^^^^^^^^^^\n', '  File "D:\\source\\helia\\src\\listener\\testing.py", line 28, in button\n    button = Button(style=ButtonStyle.blurple, label="Click this")\n             ^^^^^^^^^^^^^^^^^^^^^^^^^^^^^^^^^^^^^^^^^^^^^^^^^^^^^\n', "TypeError: Button.__init__() got an unexpected keyword argument 'style'\n", '\nThe above exception was the direct cause of the following exception:\n\n', 'Traceback (most recent call last):\n', '  File "C:\\Users\\andrej\\AppData\\Roaming\\Python\\Python312\\site-packages\\disnake\\ext\\commands\\interaction_bot_base.py", line 1378, in process_application_commands\n    await app_command.invoke(interaction)\n', '  File "C:\\Users\\andrej\\AppData\\Roaming\\Python\\Python312\\site-packages\\disnake\\ext\\commands\\slash_core.py", line 737, in invoke\n    raise CommandInvokeError(exc) from exc\n', "disnake.ext.commands.errors.CommandInvokeError: Command raised an exception: TypeError: Button.__init__() got an unexpected keyword argument 'style'\n"]        
        =======================================================
        
